<?xml version="1.0" encoding="UTF-8"?>
<testsuite xmlns:xsi="http://www.w3.org/2001/XMLSchema-instance" xsi:noNamespaceSchemaLocation="https://maven.apache.org/surefire/maven-surefire-plugin/xsd/surefire-test-report-3.0.xsd" version="3.0" name="runners.testrunner" time="157.688" tests="19" errors="0" skipped="0" failures="5">
  <properties>
[...]
</properties>
  <testcase name="runScenario" classname="runners.testrunner" time="15.519"/>
  <testcase name="runScenario" classname="runners.testrunner" time="7.959">
    <failure message="The following asserts failed:&#10;	expected [true] but found [false]" type="java.lang.AssertionError"><![CDATA[java.lang.AssertionError: 
The following asserts failed:
	expected [true] but found [false]
]]></failure>
    <system-out><![CDATA[
@smoke
Scenario: user could login with valid email and password            &amp#27;[90m# src/main/resources/features/F02_Login.feature:8&amp#27;[0m
  &amp#27;[32mGiven &amp#27;[0m&amp#27;[32muser go to login page&amp#27;[0m                                       &amp#27;[90m# stepDefinitions.D02_loginStepDef.user_login_page()&amp#27;[0m
  &amp#27;[32mWhen &amp#27;[0m&amp#27;[32muser login with "&amp#27;[0m&amp#27;[32m&amp#27;[1mvalid&amp#27;[0m&amp#27;[32m" "&amp#27;[0m&amp#27;[32m&amp#27;[1mtest938@example.com&amp#27;[0m&amp#27;[32m" and "&amp#27;[0m&amp#27;[32m&amp#27;[1mP@ssw0rd&amp#27;[0m&amp#27;[32m"&amp#27;[0m &amp#27;[90m# stepDefinitions.D02_loginStepDef.data_login(java.lang.String,java.lang.String,java.lang.String)&amp#27;[0m
  &amp#27;[32mAnd &amp#27;[0m&amp#27;[32muser press on login button&amp#27;[0m                                    &amp#27;[90m# stepDefinitions.D02_loginStepDef.login_press()&amp#27;[0m
  &amp#27;[31mThen &amp#27;[0m&amp#27;[31muser login to the system successfully&amp#27;[0m                        &amp#27;[90m# stepDefinitions.D02_loginStepDef.user_login_success()&amp#27;[0m
      &amp#27;[31mjava.lang.AssertionError: The following asserts failed:
	expected [true] but found [false]
	at org.testng.asserts.SoftAssert.assertAll(SoftAssert.java:46)
	at org.testng.asserts.SoftAssert.assertAll(SoftAssert.java:30)
	at stepDefinitions.D02_loginStepDef.user_login_success(D02_loginStepDef.java:63)
	at ✽.user login to the system successfully(file:///D:/E-commerce%20app/NEW_E_COMMERCE/src/main/resources/features/F02_Login.feature:12)
&amp#27;[0m
]]></system-out>
    <system-err><![CDATA[Starting ChromeDriver 109.0.5414.74 (e7c5703604daa9cc128ccf5a5d3e993513758913-refs/branch-heads/5414@{#1172}) on port 53456
Only local connections are allowed.
Please see https://chromedriver.chromium.org/security-considerations for suggestions on keeping ChromeDriver safe.
ChromeDriver was started successfully.
[1676648631.728][WARNING]: This version of ChromeDriver has not been tested with Chrome version 110.
Feb 17, 2023 5:43:51 PM org.openqa.selenium.remote.ProtocolHandshake createSession
INFO: Detected upstream dialect: W3C
Feb 17, 2023 5:43:51 PM org.openqa.selenium.devtools.CdpVersionFinder findNearestMatch
WARNING: Unable to find an exact match for CDP version 110, so returning the closest version found: 106
Feb 17, 2023 5:43:51 PM org.openqa.selenium.devtools.CdpVersionFinder findNearestMatch
INFO: Found CDP implementation for version 110 of 106
]]></system-err>
  </testcase>
  <testcase name="runScenario" classname="runners.testrunner" time="7.564"/>
  <testcase name="runScenario" classname="runners.testrunner" time="6.585"/>
  <testcase name="runScenario" classname="runners.testrunner" time="6.579">
    <failure message="The following asserts failed:&#10;	expected [true] but found [false],&#10;	expected [true] but found [false]" type="java.lang.AssertionError"><![CDATA[java.lang.AssertionError: 
The following asserts failed:
	expected [true] but found [false],
	expected [true] but found [false]
]]></failure>
    <system-out><![CDATA[
@smoke
Scenario Outline: User Search By Name          &amp#27;[90m# src/main/resources/features/F04_Search.feature:11&amp#27;[0m
  &amp#27;[32mWhen &amp#27;[0m&amp#27;[32muser write "&amp#27;[0m&amp#27;[32m&amp#27;[1mbook&amp#27;[0m&amp#27;[32m" in the Search Bar&amp#27;[0m     &amp#27;[90m# stepDefinitions.D04_searchStepDef.user_write_in_searchbar(java.lang.String)&amp#27;[0m
  &amp#27;[32mAnd &amp#27;[0m&amp#27;[32mclicks On Search Button&amp#27;[0m                  &amp#27;[90m# stepDefinitions.D04_searchStepDef.click_search_btn()&amp#27;[0m
  &amp#27;[32mThen &amp#27;[0m&amp#27;[32muser is directed to search results page&amp#27;[0m &amp#27;[90m# stepDefinitions.D04_searchStepDef.check_search_url()&amp#27;[0m
  &amp#27;[32mAnd &amp#27;[0m&amp#27;[32msearch page shows relevant results&amp#27;[0m       &amp#27;[90m# stepDefinitions.D04_searchStepDef.count_results()&amp#27;[0m
  &amp#27;[31mAnd &amp#27;[0m&amp#27;[31mresults contains "&amp#27;[0m&amp#27;[31m&amp#27;[1mbook&amp#27;[0m&amp#27;[31m"&amp#27;[0m                  &amp#27;[90m# stepDefinitions.D04_searchStepDef.check_results(java.lang.String)&amp#27;[0m
      &amp#27;[31mjava.lang.AssertionError: The following asserts failed:
	expected [true] but found [false],
	expected [true] but found [false]
	at org.testng.asserts.SoftAssert.assertAll(SoftAssert.java:46)
	at org.testng.asserts.SoftAssert.assertAll(SoftAssert.java:30)
	at stepDefinitions.D04_searchStepDef.check_results(D04_searchStepDef.java:69)
	at ✽.results contains "book"(file:///D:/E-commerce%20app/NEW_E_COMMERCE/src/main/resources/features/F04_Search.feature:8)
&amp#27;[0m
]]></system-out>
    <system-err><![CDATA[Starting ChromeDriver 109.0.5414.74 (e7c5703604daa9cc128ccf5a5d3e993513758913-refs/branch-heads/5414@{#1172}) on port 54996
Only local connections are allowed.
Please see https://chromedriver.chromium.org/security-considerations for suggestions on keeping ChromeDriver safe.
ChromeDriver was started successfully.
[1676648653.557][WARNING]: This version of ChromeDriver has not been tested with Chrome version 110.
Feb 17, 2023 5:44:13 PM org.openqa.selenium.remote.ProtocolHandshake createSession
INFO: Detected upstream dialect: W3C
Feb 17, 2023 5:44:13 PM org.openqa.selenium.devtools.CdpVersionFinder findNearestMatch
WARNING: Unable to find an exact match for CDP version 110, so returning the closest version found: 106
Feb 17, 2023 5:44:13 PM org.openqa.selenium.devtools.CdpVersionFinder findNearestMatch
INFO: Found CDP implementation for version 110 of 106
]]></system-err>
  </testcase>
  <testcase name="runScenario" classname="runners.testrunner" time="6.591"/>
  <testcase name="runScenario" classname="runners.testrunner" time="6.598"/>
  <testcase name="runScenario" classname="runners.testrunner" time="8.158"/>
  <testcase name="runScenario" classname="runners.testrunner" time="8.045"/>
  <testcase name="runScenario" classname="runners.testrunner" time="8.649"/>
  <testcase name="runScenario" classname="runners.testrunner" time="8.513"/>
  <testcase name="runScenario" classname="runners.testrunner" time="7.243">
    <failure message="The following asserts failed:&#10;	Page Is Wrong expected [true] but found [false]" type="java.lang.AssertionError"><![CDATA[java.lang.AssertionError: 
The following asserts failed:
	Page Is Wrong expected [true] but found [false]
]]></failure>
    <system-out><![CDATA[
@smoke
Scenario: first slider is clickable on home page                                            &amp#27;[90m# src/main/resources/features/F06_homeSliders.feature:3&amp#27;[0m
  &amp#27;[32mWhen &amp#27;[0m&amp#27;[32muser Clicks on Slider number &amp#27;[0m&amp#27;[32m&amp#27;[1m1&amp#27;[0m                                                       &amp#27;[90m# stepDefinitions.D06_homeSlidersStepDef.click_on_image(int)&amp#27;[0m
  &amp#27;[31mThen &amp#27;[0m&amp#27;[31mnew page is opened with expected url "&amp#27;[0m&amp#27;[31m&amp#27;[1mhttps://demo.nopcommerce.com/nokia-lumia-1020&amp#27;[0m&amp#27;[31m"&amp#27;[0m &amp#27;[90m# stepDefinitions.D06_homeSlidersStepDef.click_on_image(java.lang.String)&amp#27;[0m
      &amp#27;[31mjava.lang.AssertionError: The following asserts failed:
	Page Is Wrong expected [true] but found [false]
	at org.testng.asserts.SoftAssert.assertAll(SoftAssert.java:46)
	at org.testng.asserts.SoftAssert.assertAll(SoftAssert.java:30)
	at stepDefinitions.D06_homeSlidersStepDef.click_on_image(D06_homeSlidersStepDef.java:29)
	at ✽.new page is opened with expected url "https://demo.nopcommerce.com/nokia-lumia-1020"(file:///D:/E-commerce%20app/NEW_E_COMMERCE/src/main/resources/features/F06_homeSliders.feature:5)
&amp#27;[0m
]]></system-out>
    <system-err><![CDATA[Starting ChromeDriver 109.0.5414.74 (e7c5703604daa9cc128ccf5a5d3e993513758913-refs/branch-heads/5414@{#1172}) on port 53886
Only local connections are allowed.
Please see https://chromedriver.chromium.org/security-considerations for suggestions on keeping ChromeDriver safe.
ChromeDriver was started successfully.
[1676648706.728][WARNING]: This version of ChromeDriver has not been tested with Chrome version 110.
Feb 17, 2023 5:45:06 PM org.openqa.selenium.remote.ProtocolHandshake createSession
INFO: Detected upstream dialect: W3C
Feb 17, 2023 5:45:06 PM org.openqa.selenium.devtools.CdpVersionFinder findNearestMatch
WARNING: Unable to find an exact match for CDP version 110, so returning the closest version found: 106
Feb 17, 2023 5:45:06 PM org.openqa.selenium.devtools.CdpVersionFinder findNearestMatch
INFO: Found CDP implementation for version 110 of 106
]]></system-err>
  </testcase>
  <testcase name="runScenario" classname="runners.testrunner" time="7.196">
    <failure message="The following asserts failed:&#10;	Page Is Wrong expected [true] but found [false]" type="java.lang.AssertionError"><![CDATA[java.lang.AssertionError: 
The following asserts failed:
	Page Is Wrong expected [true] but found [false]
]]></failure>
    <system-out><![CDATA[
@smoke
Scenario: second slider is clickable on home page                                   &amp#27;[90m# src/main/resources/features/F06_homeSliders.feature:7&amp#27;[0m
  &amp#27;[32mWhen &amp#27;[0m&amp#27;[32muser Clicks on Slider number &amp#27;[0m&amp#27;[32m&amp#27;[1m2&amp#27;[0m                                               &amp#27;[90m# stepDefinitions.D06_homeSlidersStepDef.click_on_image(int)&amp#27;[0m
  &amp#27;[31mThen &amp#27;[0m&amp#27;[31mnew page is opened with expected url "&amp#27;[0m&amp#27;[31m&amp#27;[1mhttps://demo.nopcommerce.com/iphone-6&amp#27;[0m&amp#27;[31m"&amp#27;[0m &amp#27;[90m# stepDefinitions.D06_homeSlidersStepDef.click_on_image(java.lang.String)&amp#27;[0m
      &amp#27;[31mjava.lang.AssertionError: The following asserts failed:
	Page Is Wrong expected [true] but found [false]
	at org.testng.asserts.SoftAssert.assertAll(SoftAssert.java:46)
	at org.testng.asserts.SoftAssert.assertAll(SoftAssert.java:30)
	at stepDefinitions.D06_homeSlidersStepDef.click_on_image(D06_homeSlidersStepDef.java:29)
	at ✽.new page is opened with expected url "https://demo.nopcommerce.com/iphone-6"(file:///D:/E-commerce%20app/NEW_E_COMMERCE/src/main/resources/features/F06_homeSliders.feature:9)
&amp#27;[0m
]]></system-out>
    <system-err><![CDATA[Starting ChromeDriver 109.0.5414.74 (e7c5703604daa9cc128ccf5a5d3e993513758913-refs/branch-heads/5414@{#1172}) on port 63931
Only local connections are allowed.
Please see https://chromedriver.chromium.org/security-considerations for suggestions on keeping ChromeDriver safe.
ChromeDriver was started successfully.
[1676648714.030][WARNING]: This version of ChromeDriver has not been tested with Chrome version 110.
Feb 17, 2023 5:45:14 PM org.openqa.selenium.remote.ProtocolHandshake createSession
INFO: Detected upstream dialect: W3C
Feb 17, 2023 5:45:14 PM org.openqa.selenium.devtools.CdpVersionFinder findNearestMatch
WARNING: Unable to find an exact match for CDP version 110, so returning the closest version found: 106
Feb 17, 2023 5:45:14 PM org.openqa.selenium.devtools.CdpVersionFinder findNearestMatch
INFO: Found CDP implementation for version 110 of 106
]]></system-err>
  </testcase>
  <testcase name="runScenario" classname="runners.testrunner" time="8.445"/>
  <testcase name="runScenario" classname="runners.testrunner" time="8.239"/>
  <testcase name="runScenario" classname="runners.testrunner" time="7.193">
    <failure message="Index 1 out of bounds for length 1" type="java.lang.IndexOutOfBoundsException"><![CDATA[java.lang.IndexOutOfBoundsException: Index 1 out of bounds for length 1
]]></failure>
    <system-out><![CDATA[
@smoke
Scenario: user opens rss link                                                       &amp#27;[90m# src/main/resources/features/F07_followUs.feature:12&amp#27;[0m
  &amp#27;[32mWhen &amp#27;[0m&amp#27;[32muser clicks on "&amp#27;[0m&amp#27;[32m&amp#27;[1mrss&amp#27;[0m&amp#27;[32m" link&amp#27;[0m                                                    &amp#27;[90m# stepDefinitions.D07_followUsStepDef.user_clicks_follow_us_link(java.lang.String)&amp#27;[0m
  &amp#27;[31mThen &amp#27;[0m&amp#27;[31m"&amp#27;[0m&amp#27;[31m&amp#27;[1mhttps://demo.nopcommerce.com/new-online-store-is-open&amp#27;[0m&amp#27;[31m" is opened in new tab&amp#27;[0m &amp#27;[90m# stepDefinitions.D07_followUsStepDef.follow_us_link_opens(java.lang.String)&amp#27;[0m
      &amp#27;[31mjava.lang.IndexOutOfBoundsException: Index 1 out of bounds for length 1
	at java.base/jdk.internal.util.Preconditions.outOfBounds(Preconditions.java:100)
	at java.base/jdk.internal.util.Preconditions.outOfBoundsCheckIndex(Preconditions.java:106)
	at java.base/jdk.internal.util.Preconditions.checkIndex(Preconditions.java:302)
	at java.base/java.util.Objects.checkIndex(Objects.java:359)
	at java.base/java.util.ArrayList.get(ArrayList.java:427)
	at stepDefinitions.D07_followUsStepDef.follow_us_link_opens(D07_followUsStepDef.java:57)
	at ✽."https://demo.nopcommerce.com/new-online-store-is-open" is opened in new tab(file:///D:/E-commerce%20app/NEW_E_COMMERCE/src/main/resources/features/F07_followUs.feature:14)
&amp#27;[0m
]]></system-out>
    <system-err><![CDATA[Starting ChromeDriver 109.0.5414.74 (e7c5703604daa9cc128ccf5a5d3e993513758913-refs/branch-heads/5414@{#1172}) on port 54077
Only local connections are allowed.
Please see https://chromedriver.chromium.org/security-considerations for suggestions on keeping ChromeDriver safe.
ChromeDriver was started successfully.
[1676648737.900][WARNING]: This version of ChromeDriver has not been tested with Chrome version 110.
Feb 17, 2023 5:45:37 PM org.openqa.selenium.remote.ProtocolHandshake createSession
INFO: Detected upstream dialect: W3C
Feb 17, 2023 5:45:37 PM org.openqa.selenium.devtools.CdpVersionFinder findNearestMatch
WARNING: Unable to find an exact match for CDP version 110, so returning the closest version found: 106
Feb 17, 2023 5:45:37 PM org.openqa.selenium.devtools.CdpVersionFinder findNearestMatch
INFO: Found CDP implementation for version 110 of 106
]]></system-err>
  </testcase>
  <testcase name="runScenario" classname="runners.testrunner" time="9.808"/>
  <testcase name="runScenario" classname="runners.testrunner" time="5.398"/>
  <testcase name="runScenario" classname="runners.testrunner" time="12.38"/>
</testsuite>